---------------------------------------------------------------
[ 2019-01-21T16:01:16+08:00 ] 127.0.0.1 GET www.110.com/
[运行时间：0.432025s] [吞吐率：2.31req/s] [内存消耗：1,132.57kb] [文件加载：35]
[ info ] [ LANG ] D:\01_q\phpStudy\PHPTutorial\WWW\tp\thinkphp\lang\zh-cn.php
[ info ] [ ROUTE ] array (
  'type' => 'module',
  'module' => 
  array (
    0 => '',
    1 => NULL,
    2 => NULL,
  ),
)
[ info ] [ HEADER ] array (
  'accept-language' => 'zh-CN,zh;q=0.9',
  'accept-encoding' => 'gzip, deflate',
  'accept' => 'text/html,application/xhtml+xml,application/xml;q=0.9,image/webp,image/apng,*/*;q=0.8',
  'user-agent' => 'Mozilla/5.0 (Windows NT 6.1; Win64; x64) AppleWebKit/537.36 (KHTML, like Gecko) Chrome/70.0.3538.110 Safari/537.36',
  'upgrade-insecure-requests' => '1',
  'connection' => 'keep-alive',
  'host' => 'www.110.com',
  'content-length' => '',
  'content-type' => '',
)
[ info ] [ PARAM ] array (
)
[ info ] [ RUN ] app\index\controller\Index->index[ D:\01_q\phpStudy\PHPTutorial\WWW\tp\application\index\controller\Index.php ]
[ info ] [ LOG ] INIT File
[ error ] [0]致命错误: Class 'app\index\controller\Db' not found[D:\01_q\phpStudy\PHPTutorial\WWW\tp\application\index\controller\Index.php:8]
---------------------------------------------------------------
[ 2019-01-21T16:01:20+08:00 ] 127.0.0.1 GET www.110.com/user
[运行时间：0.092006s] [吞吐率：10.87req/s] [内存消耗：1,111.32kb] [文件加载：34]
[ info ] [ LANG ] D:\01_q\phpStudy\PHPTutorial\WWW\tp\thinkphp\lang\zh-cn.php
[ info ] [ ROUTE ] array (
  'type' => 'module',
  'module' => 
  array (
    0 => 'user',
    1 => NULL,
    2 => NULL,
  ),
)
[ info ] [ HEADER ] array (
  'accept-language' => 'zh-CN,zh;q=0.9',
  'accept-encoding' => 'gzip, deflate',
  'accept' => 'text/html,application/xhtml+xml,application/xml;q=0.9,image/webp,image/apng,*/*;q=0.8',
  'user-agent' => 'Mozilla/5.0 (Windows NT 6.1; Win64; x64) AppleWebKit/537.36 (KHTML, like Gecko) Chrome/70.0.3538.110 Safari/537.36',
  'upgrade-insecure-requests' => '1',
  'connection' => 'keep-alive',
  'host' => 'www.110.com',
  'content-length' => '',
  'content-type' => '',
)
[ info ] [ PARAM ] array (
)
[ info ] [ RUN ] app\user\controller\Index->index[ D:\01_q\phpStudy\PHPTutorial\WWW\tp\application\user\controller\Index.php ]
[ info ] [ SESSION ] INIT array (
  'id' => '',
  'var_session_id' => '',
  'prefix' => 'think',
  'type' => '',
  'auto_start' => true,
)
[ info ] [ VIEW ] D:\01_q\phpStudy\PHPTutorial\WWW\tp\public/../application/user\view\index\index.html [ array (
  0 => 'result',
) ]
[ info ] [ LOG ] INIT File
---------------------------------------------------------------
[ 2019-01-21T16:01:26+08:00 ] 127.0.0.1 POST www.110.com/user/index/login
[运行时间：1.376078s] [吞吐率：0.73req/s] [内存消耗：1,821.36kb] [文件加载：44]
[ info ] [ LANG ] D:\01_q\phpStudy\PHPTutorial\WWW\tp\thinkphp\lang\zh-cn.php
[ info ] [ ROUTE ] array (
  'type' => 'module',
  'module' => 
  array (
    0 => 'user',
    1 => 'index',
    2 => 'login',
  ),
)
[ info ] [ HEADER ] array (
  'cookie' => 'PHPSESSID=v7is1bl2vgiph7jm59hm9eek9q',
  'accept-language' => 'zh-CN,zh;q=0.9',
  'accept-encoding' => 'gzip, deflate',
  'referer' => 'http://www.110.com/user',
  'content-type' => 'application/x-www-form-urlencoded; charset=UTF-8',
  'user-agent' => 'Mozilla/5.0 (Windows NT 6.1; Win64; x64) AppleWebKit/537.36 (KHTML, like Gecko) Chrome/70.0.3538.110 Safari/537.36',
  'x-requested-with' => 'XMLHttpRequest',
  'origin' => 'http://www.110.com',
  'accept' => '*/*',
  'content-length' => '29',
  'connection' => 'keep-alive',
  'host' => 'www.110.com',
)
[ info ] [ PARAM ] array (
  'username' => 'admin',
  'password' => 'admin',
)
[ info ] [ RUN ] app\user\controller\Index->login[ D:\01_q\phpStudy\PHPTutorial\WWW\tp\application\user\controller\Index.php ]
[ info ] [ DB ] INIT mysql
[ info ] [ CACHE ] INIT File
[ info ] [ SESSION ] INIT array (
  'id' => '',
  'var_session_id' => '',
  'prefix' => 'think',
  'type' => '',
  'auto_start' => true,
)
[ info ] [ LOG ] INIT File
[ sql ] [ DB ] CONNECT:[ UseTime:0.013000s ] mysql:host=127.0.0.1;dbname=tp5;charset=utf8
[ sql ] [ SQL ] SHOW COLUMNS FROM `user` [ RunTime:0.040002s ]
[ sql ] [ SQL ] SELECT * FROM `user` WHERE  `name` = 'admin'  AND `password` = 'c4908c9f85cd450f38f9c1e9beda0d90' LIMIT 1 [ RunTime:0.001000s ]
[ sql ] [ SQL ] UPDATE `user`  SET `user_ip`='127.0.0.1',`logtimes`=25,`lastlog`='2019-01-21 16:01:25'  WHERE  `uid` = 6 [ RunTime:0.001000s ]
[ sql ] [ SQL ] SHOW COLUMNS FROM `log` [ RunTime:0.024001s ]
[ sql ] [ SQL ] INSERT INTO `log` (`user_ip` , `lastlog` , `uid` , `name` , `address`) VALUES ('127.0.0.1' , '2019-01-21 16:01:25' , 6 , 'admin' , '未知地点') [ RunTime:0.014001s ]
---------------------------------------------------------------
[ 2019-01-21T16:01:29+08:00 ] 127.0.0.1 GET www.110.com/admin/
[运行时间：0.054003s] [吞吐率：18.52req/s] [内存消耗：1,124.84kb] [文件加载：34]
[ info ] [ LANG ] D:\01_q\phpStudy\PHPTutorial\WWW\tp\thinkphp\lang\zh-cn.php
[ info ] [ ROUTE ] array (
  'type' => 'module',
  'module' => 
  array (
    0 => 'admin',
    1 => NULL,
    2 => NULL,
  ),
)
[ info ] [ HEADER ] array (
  'cookie' => 'PHPSESSID=v7is1bl2vgiph7jm59hm9eek9q',
  'accept-language' => 'zh-CN,zh;q=0.9',
  'accept-encoding' => 'gzip, deflate',
  'referer' => 'http://www.110.com/user',
  'accept' => 'text/html,application/xhtml+xml,application/xml;q=0.9,image/webp,image/apng,*/*;q=0.8',
  'user-agent' => 'Mozilla/5.0 (Windows NT 6.1; Win64; x64) AppleWebKit/537.36 (KHTML, like Gecko) Chrome/70.0.3538.110 Safari/537.36',
  'upgrade-insecure-requests' => '1',
  'connection' => 'keep-alive',
  'host' => 'www.110.com',
  'content-length' => '',
  'content-type' => '',
)
[ info ] [ PARAM ] array (
)
[ info ] [ RUN ] app\admin\controller\Index->index[ D:\01_q\phpStudy\PHPTutorial\WWW\tp\application\admin\controller\Index.php ]
[ info ] [ SESSION ] INIT array (
  'id' => '',
  'var_session_id' => '',
  'prefix' => 'think',
  'type' => '',
  'auto_start' => true,
)
[ info ] [ VIEW ] D:\01_q\phpStudy\PHPTutorial\WWW\tp\public/../application/admin\view\index\index.html [ array (
  0 => 'result',
) ]
[ info ] [ LOG ] INIT File
---------------------------------------------------------------
[ 2019-01-21T16:01:29+08:00 ] 127.0.0.1 GET www.110.com/admin/index/Welcome
[运行时间：0.081005s] [吞吐率：12.34req/s] [内存消耗：1,827.70kb] [文件加载：42]
[ info ] [ LANG ] D:\01_q\phpStudy\PHPTutorial\WWW\tp\thinkphp\lang\zh-cn.php
[ info ] [ ROUTE ] array (
  'type' => 'module',
  'module' => 
  array (
    0 => 'admin',
    1 => 'index',
    2 => 'Welcome',
  ),
)
[ info ] [ HEADER ] array (
  'cookie' => 'PHPSESSID=v7is1bl2vgiph7jm59hm9eek9q',
  'accept-language' => 'zh-CN,zh;q=0.9',
  'accept-encoding' => 'gzip, deflate',
  'referer' => 'http://www.110.com/admin/',
  'accept' => 'text/html,application/xhtml+xml,application/xml;q=0.9,image/webp,image/apng,*/*;q=0.8',
  'user-agent' => 'Mozilla/5.0 (Windows NT 6.1; Win64; x64) AppleWebKit/537.36 (KHTML, like Gecko) Chrome/70.0.3538.110 Safari/537.36',
  'upgrade-insecure-requests' => '1',
  'connection' => 'keep-alive',
  'host' => 'www.110.com',
  'content-length' => '',
  'content-type' => '',
)
[ info ] [ PARAM ] array (
)
[ info ] [ RUN ] app\admin\controller\Index->welcome[ D:\01_q\phpStudy\PHPTutorial\WWW\tp\application\admin\controller\Index.php ]
[ info ] [ SESSION ] INIT array (
  'id' => '',
  'var_session_id' => '',
  'prefix' => 'think',
  'type' => '',
  'auto_start' => true,
)
[ info ] [ DB ] INIT mysql
[ info ] [ VIEW ] D:\01_q\phpStudy\PHPTutorial\WWW\tp\public/../application/admin\view\index\welcome.html [ array (
  0 => 'result',
) ]
[ info ] [ LOG ] INIT File
[ sql ] [ DB ] CONNECT:[ UseTime:0.001000s ] mysql:host=127.0.0.1;dbname=tp5;charset=utf8
[ sql ] [ SQL ] SHOW COLUMNS FROM `user` [ RunTime:0.008000s ]
[ sql ] [ SQL ] SELECT count(uid) as countuser FROM `user` [ RunTime:0.001000s ]
[ sql ] [ SQL ] SHOW COLUMNS FROM `log` [ RunTime:0.007001s ]
[ sql ] [ SQL ] SELECT * FROM `log` ORDER BY `lastlog` DESC LIMIT 10 [ RunTime:0.000000s ]
---------------------------------------------------------------
[ 2019-01-21T16:01:35+08:00 ] 127.0.0.1 GET www.110.com/admin/Article
[运行时间：0.131007s] [吞吐率：7.63req/s] [内存消耗：1,808.05kb] [文件加载：42]
[ info ] [ LANG ] D:\01_q\phpStudy\PHPTutorial\WWW\tp\thinkphp\lang\zh-cn.php
[ info ] [ ROUTE ] array (
  'type' => 'module',
  'module' => 
  array (
    0 => 'admin',
    1 => 'Article',
    2 => NULL,
  ),
)
[ info ] [ HEADER ] array (
  'cookie' => 'PHPSESSID=v7is1bl2vgiph7jm59hm9eek9q',
  'accept-language' => 'zh-CN,zh;q=0.9',
  'accept-encoding' => 'gzip, deflate',
  'referer' => 'http://www.110.com/admin/',
  'accept' => 'text/html,application/xhtml+xml,application/xml;q=0.9,image/webp,image/apng,*/*;q=0.8',
  'user-agent' => 'Mozilla/5.0 (Windows NT 6.1; Win64; x64) AppleWebKit/537.36 (KHTML, like Gecko) Chrome/70.0.3538.110 Safari/537.36',
  'upgrade-insecure-requests' => '1',
  'connection' => 'keep-alive',
  'host' => 'www.110.com',
  'content-length' => '',
  'content-type' => '',
)
[ info ] [ PARAM ] array (
)
[ info ] [ RUN ] app\admin\controller\Article->index[ D:\01_q\phpStudy\PHPTutorial\WWW\tp\application\admin\controller\Article.php ]
[ info ] [ SESSION ] INIT array (
  'id' => '',
  'var_session_id' => '',
  'prefix' => 'think',
  'type' => '',
  'auto_start' => true,
)
[ info ] [ DB ] INIT mysql
[ info ] [ VIEW ] D:\01_q\phpStudy\PHPTutorial\WWW\tp\public/../application/admin\view\index\article.html [ array (
  0 => 'result',
) ]
[ info ] [ LOG ] INIT File
[ sql ] [ DB ] CONNECT:[ UseTime:0.010001s ] mysql:host=127.0.0.1;dbname=tp5;charset=utf8
[ sql ] [ SQL ] SHOW COLUMNS FROM `article` [ RunTime:0.040002s ]
[ sql ] [ SQL ] SELECT * FROM `article` LIMIT 0,50 [ RunTime:0.001000s ]
[ sql ] [ SQL ] SHOW COLUMNS FROM `category` [ RunTime:0.026002s ]
[ sql ] [ SQL ] SELECT * FROM `category` [ RunTime:0.000000s ]
---------------------------------------------------------------
[ 2019-01-21T16:01:36+08:00 ] 127.0.0.1 GET www.110.com/admin/Article/add
[运行时间：0.063003s] [吞吐率：15.87req/s] [内存消耗：1,806.34kb] [文件加载：42]
[ info ] [ LANG ] D:\01_q\phpStudy\PHPTutorial\WWW\tp\thinkphp\lang\zh-cn.php
[ info ] [ ROUTE ] array (
  'type' => 'module',
  'module' => 
  array (
    0 => 'admin',
    1 => 'Article',
    2 => 'add',
  ),
)
[ info ] [ HEADER ] array (
  'cookie' => 'PHPSESSID=v7is1bl2vgiph7jm59hm9eek9q',
  'accept-language' => 'zh-CN,zh;q=0.9',
  'accept-encoding' => 'gzip, deflate',
  'referer' => 'http://www.110.com/admin/',
  'accept' => 'text/html,application/xhtml+xml,application/xml;q=0.9,image/webp,image/apng,*/*;q=0.8',
  'user-agent' => 'Mozilla/5.0 (Windows NT 6.1; Win64; x64) AppleWebKit/537.36 (KHTML, like Gecko) Chrome/70.0.3538.110 Safari/537.36',
  'upgrade-insecure-requests' => '1',
  'connection' => 'keep-alive',
  'host' => 'www.110.com',
  'content-length' => '',
  'content-type' => '',
)
[ info ] [ PARAM ] array (
)
[ info ] [ RUN ] app\admin\controller\Article->add[ D:\01_q\phpStudy\PHPTutorial\WWW\tp\application\admin\controller\Article.php ]
[ info ] [ SESSION ] INIT array (
  'id' => '',
  'var_session_id' => '',
  'prefix' => 'think',
  'type' => '',
  'auto_start' => true,
)
[ info ] [ DB ] INIT mysql
[ info ] [ VIEW ] D:\01_q\phpStudy\PHPTutorial\WWW\tp\public/../application/admin\view\index\editarticle.html [ array (
  0 => 'result',
) ]
[ info ] [ LOG ] INIT File
[ sql ] [ DB ] CONNECT:[ UseTime:0.011001s ] mysql:host=127.0.0.1;dbname=tp5;charset=utf8
[ sql ] [ SQL ] SHOW COLUMNS FROM `category` [ RunTime:0.008000s ]
[ sql ] [ SQL ] SELECT * FROM `category` [ RunTime:0.000000s ]
---------------------------------------------------------------
[ 2019-01-21T16:01:37+08:00 ] 127.0.0.1 GET www.110.com/admin/Article/category
[运行时间：0.065003s] [吞吐率：15.38req/s] [内存消耗：1,808.00kb] [文件加载：42]
[ info ] [ LANG ] D:\01_q\phpStudy\PHPTutorial\WWW\tp\thinkphp\lang\zh-cn.php
[ info ] [ ROUTE ] array (
  'type' => 'module',
  'module' => 
  array (
    0 => 'admin',
    1 => 'Article',
    2 => 'category',
  ),
)
[ info ] [ HEADER ] array (
  'cookie' => 'PHPSESSID=v7is1bl2vgiph7jm59hm9eek9q',
  'accept-language' => 'zh-CN,zh;q=0.9',
  'accept-encoding' => 'gzip, deflate',
  'referer' => 'http://www.110.com/admin/',
  'accept' => 'text/html,application/xhtml+xml,application/xml;q=0.9,image/webp,image/apng,*/*;q=0.8',
  'user-agent' => 'Mozilla/5.0 (Windows NT 6.1; Win64; x64) AppleWebKit/537.36 (KHTML, like Gecko) Chrome/70.0.3538.110 Safari/537.36',
  'upgrade-insecure-requests' => '1',
  'connection' => 'keep-alive',
  'host' => 'www.110.com',
  'content-length' => '',
  'content-type' => '',
)
[ info ] [ PARAM ] array (
)
[ info ] [ RUN ] app\admin\controller\Article->category[ D:\01_q\phpStudy\PHPTutorial\WWW\tp\application\admin\controller\Article.php ]
[ info ] [ SESSION ] INIT array (
  'id' => '',
  'var_session_id' => '',
  'prefix' => 'think',
  'type' => '',
  'auto_start' => true,
)
[ info ] [ DB ] INIT mysql
[ info ] [ VIEW ] D:\01_q\phpStudy\PHPTutorial\WWW\tp\public/../application/admin\view\index\category.html [ array (
  0 => 'result',
) ]
[ info ] [ LOG ] INIT File
[ sql ] [ DB ] CONNECT:[ UseTime:0.001000s ] mysql:host=127.0.0.1;dbname=tp5;charset=utf8
[ sql ] [ SQL ] SHOW COLUMNS FROM `category` [ RunTime:0.013000s ]
[ sql ] [ SQL ] SELECT * FROM `category` [ RunTime:0.001000s ]
---------------------------------------------------------------
[ 2019-01-21T16:01:39+08:00 ] 127.0.0.1 GET www.110.com/admin/flink
[运行时间：0.068004s] [吞吐率：14.71req/s] [内存消耗：1,799.04kb] [文件加载：42]
[ info ] [ LANG ] D:\01_q\phpStudy\PHPTutorial\WWW\tp\thinkphp\lang\zh-cn.php
[ info ] [ ROUTE ] array (
  'type' => 'module',
  'module' => 
  array (
    0 => 'admin',
    1 => 'flink',
    2 => NULL,
  ),
)
[ info ] [ HEADER ] array (
  'cookie' => 'PHPSESSID=v7is1bl2vgiph7jm59hm9eek9q',
  'accept-language' => 'zh-CN,zh;q=0.9',
  'accept-encoding' => 'gzip, deflate',
  'referer' => 'http://www.110.com/admin/',
  'accept' => 'text/html,application/xhtml+xml,application/xml;q=0.9,image/webp,image/apng,*/*;q=0.8',
  'user-agent' => 'Mozilla/5.0 (Windows NT 6.1; Win64; x64) AppleWebKit/537.36 (KHTML, like Gecko) Chrome/70.0.3538.110 Safari/537.36',
  'upgrade-insecure-requests' => '1',
  'connection' => 'keep-alive',
  'host' => 'www.110.com',
  'content-length' => '',
  'content-type' => '',
)
[ info ] [ PARAM ] array (
)
[ info ] [ RUN ] app\admin\controller\flink->index[ D:\01_q\phpStudy\PHPTutorial\WWW\tp\application\admin\controller\Flink.php ]
[ info ] [ SESSION ] INIT array (
  'id' => '',
  'var_session_id' => '',
  'prefix' => 'think',
  'type' => '',
  'auto_start' => true,
)
[ info ] [ DB ] INIT mysql
[ info ] [ VIEW ] D:\01_q\phpStudy\PHPTutorial\WWW\tp\public/../application/admin\view\index\flink.html [ array (
  0 => 'result',
) ]
[ info ] [ LOG ] INIT File
[ sql ] [ DB ] CONNECT:[ UseTime:0.010001s ] mysql:host=127.0.0.1;dbname=tp5;charset=utf8
[ sql ] [ SQL ] SHOW COLUMNS FROM `link` [ RunTime:0.020001s ]
[ sql ] [ SQL ] SELECT * FROM `link` [ RunTime:0.001000s ]
---------------------------------------------------------------
[ 2019-01-21T16:01:41+08:00 ] 127.0.0.1 GET www.110.com/admin/Setting
[运行时间：0.045003s] [吞吐率：22.22req/s] [内存消耗：1,120.87kb] [文件加载：35]
[ info ] [ LANG ] D:\01_q\phpStudy\PHPTutorial\WWW\tp\thinkphp\lang\zh-cn.php
[ info ] [ ROUTE ] array (
  'type' => 'module',
  'module' => 
  array (
    0 => 'admin',
    1 => 'Setting',
    2 => NULL,
  ),
)
[ info ] [ HEADER ] array (
  'cookie' => 'PHPSESSID=v7is1bl2vgiph7jm59hm9eek9q',
  'accept-language' => 'zh-CN,zh;q=0.9',
  'accept-encoding' => 'gzip, deflate',
  'referer' => 'http://www.110.com/admin/',
  'accept' => 'text/html,application/xhtml+xml,application/xml;q=0.9,image/webp,image/apng,*/*;q=0.8',
  'user-agent' => 'Mozilla/5.0 (Windows NT 6.1; Win64; x64) AppleWebKit/537.36 (KHTML, like Gecko) Chrome/70.0.3538.110 Safari/537.36',
  'upgrade-insecure-requests' => '1',
  'connection' => 'keep-alive',
  'host' => 'www.110.com',
  'content-length' => '',
  'content-type' => '',
)
[ info ] [ PARAM ] array (
)
[ info ] [ RUN ] app\admin\controller\Setting->index[ D:\01_q\phpStudy\PHPTutorial\WWW\tp\application\admin\controller\Setting.php ]
[ info ] [ SESSION ] INIT array (
  'id' => '',
  'var_session_id' => '',
  'prefix' => 'think',
  'type' => '',
  'auto_start' => true,
)
[ info ] [ VIEW ] D:\01_q\phpStudy\PHPTutorial\WWW\tp\public/../application/admin\view\index\setting.html [ array (
  0 => 'result',
) ]
[ info ] [ LOG ] INIT File
---------------------------------------------------------------
[ 2019-01-21T16:01:43+08:00 ] 127.0.0.1 GET www.110.com/admin/adminlist
[运行时间：0.088005s] [吞吐率：11.36req/s] [内存消耗：1,808.52kb] [文件加载：42]
[ info ] [ LANG ] D:\01_q\phpStudy\PHPTutorial\WWW\tp\thinkphp\lang\zh-cn.php
[ info ] [ ROUTE ] array (
  'type' => 'module',
  'module' => 
  array (
    0 => 'admin',
    1 => 'adminlist',
    2 => NULL,
  ),
)
[ info ] [ HEADER ] array (
  'cookie' => 'PHPSESSID=v7is1bl2vgiph7jm59hm9eek9q',
  'accept-language' => 'zh-CN,zh;q=0.9',
  'accept-encoding' => 'gzip, deflate',
  'referer' => 'http://www.110.com/admin/',
  'accept' => 'text/html,application/xhtml+xml,application/xml;q=0.9,image/webp,image/apng,*/*;q=0.8',
  'user-agent' => 'Mozilla/5.0 (Windows NT 6.1; Win64; x64) AppleWebKit/537.36 (KHTML, like Gecko) Chrome/70.0.3538.110 Safari/537.36',
  'upgrade-insecure-requests' => '1',
  'connection' => 'keep-alive',
  'host' => 'www.110.com',
  'content-length' => '',
  'content-type' => '',
)
[ info ] [ PARAM ] array (
)
[ info ] [ RUN ] app\admin\controller\Adminlist->index[ D:\01_q\phpStudy\PHPTutorial\WWW\tp\application\admin\controller\Adminlist.php ]
[ info ] [ SESSION ] INIT array (
  'id' => '',
  'var_session_id' => '',
  'prefix' => 'think',
  'type' => '',
  'auto_start' => true,
)
[ info ] [ DB ] INIT mysql
[ info ] [ VIEW ] D:\01_q\phpStudy\PHPTutorial\WWW\tp\public/../application/admin\view\index\adminlist.html [ array (
  0 => 'result',
) ]
[ info ] [ LOG ] INIT File
[ sql ] [ DB ] CONNECT:[ UseTime:0.001000s ] mysql:host=127.0.0.1;dbname=tp5;charset=utf8
[ sql ] [ SQL ] SHOW COLUMNS FROM `user` [ RunTime:0.013001s ]
[ sql ] [ SQL ] SELECT * FROM `user` WHERE  `identity` = 1 LIMIT 0,50 [ RunTime:0.000000s ]
